<?xml version="1.0" encoding="UTF-8" standalone="no"?>
<!DOCTYPE log SYSTEM "logger.dtd">
<log>
<record>
  <date>2022-12-17T16:28:33.619163700Z</date>
  <millis>1671294513619</millis>
  <nanos>163700</nanos>
  <sequence>0</sequence>
  <logger>MyLog</logger>
  <level>SEVERE</level>
  <class>com.example.projektnijava.contollers.MainController</class>
  <method>prikaziKretanjeFigure</method>
  <thread>19</thread>
  <message>java.lang.IllegalStateException: Location is not set.</message>
</record>
</log>
<?xml version="1.0" encoding="UTF-8" standalone="no"?>
<!DOCTYPE log SYSTEM "logger.dtd">
<log>
<record>
  <date>2022-12-17T16:28:51.077365500Z</date>
  <millis>1671294531077</millis>
  <nanos>365500</nanos>
  <sequence>0</sequence>
  <logger>Loger</logger>
  <level>SEVERE</level>
  <class>com.example.projektnijava.contollers.MainController</class>
  <method>prikaziKretanjeFigure</method>
  <thread>19</thread>
  <message>java.lang.IllegalStateException: Location is not set.</message>
</record>
</log>
